Traceback (most recent call last):
  File "/Users/pp77xir/Library/Python/3.7/lib/python/site-packages/jupyter_cache/executors/utils.py", line 56, in single_nb_execution
    record_timing=False,
  File "/Users/pp77xir/Library/Python/3.7/lib/python/site-packages/nbclient/client.py", line 1117, in execute
    return NotebookClient(nb=nb, resources=resources, km=km, **kwargs).execute()
  File "/Users/pp77xir/Library/Python/3.7/lib/python/site-packages/nbclient/util.py", line 78, in wrapped
    return just_run(coro(*args, **kwargs))
  File "/Users/pp77xir/Library/Python/3.7/lib/python/site-packages/nbclient/util.py", line 57, in just_run
    return loop.run_until_complete(coro)
  File "/Applications/Thonny.app/Contents/Frameworks/Python.framework/Versions/3.7/lib/python3.7/asyncio/base_events.py", line 587, in run_until_complete
    return future.result()
  File "/Users/pp77xir/Library/Python/3.7/lib/python/site-packages/nbclient/client.py", line 559, in async_execute
    cell, index, execution_count=self.code_cells_executed + 1
  File "/Users/pp77xir/Library/Python/3.7/lib/python/site-packages/nbclient/client.py", line 862, in async_execute_cell
    self._check_raise_for_error(cell, exec_reply)
  File "/Users/pp77xir/Library/Python/3.7/lib/python/site-packages/nbclient/client.py", line 765, in _check_raise_for_error
    raise CellExecutionError.from_cell_and_msg(cell, exec_reply_content)
nbclient.exceptions.CellExecutionError: An error occurred while executing the following cell:
------------------
print('Entrez votre nom: ')
x = input()
print('Bonjour', x, '!')
------------------

[0;31m---------------------------------------------------------------------------[0m
[0;31mStdinNotImplementedError[0m                  Traceback (most recent call last)
[0;32m/var/folders/wp/llww85hd0gg99bh199190stnktfglj/T/ipykernel_9326/294844586.py[0m in [0;36m<module>[0;34m[0m
[1;32m      1[0m [0mprint[0m[0;34m([0m[0;34m'Entrez votre nom: '[0m[0;34m)[0m[0;34m[0m[0;34m[0m[0m
[0;32m----> 2[0;31m [0mx[0m [0;34m=[0m [0minput[0m[0;34m([0m[0;34m)[0m[0;34m[0m[0;34m[0m[0m
[0m[1;32m      3[0m [0mprint[0m[0;34m([0m[0;34m'Bonjour'[0m[0;34m,[0m [0mx[0m[0;34m,[0m [0;34m'!'[0m[0;34m)[0m[0;34m[0m[0;34m[0m[0m

[0;32m~/Library/Python/3.7/lib/python/site-packages/ipykernel/kernelbase.py[0m in [0;36mraw_input[0;34m(self, prompt)[0m
[1;32m   1002[0m         [0;32mif[0m [0;32mnot[0m [0mself[0m[0;34m.[0m[0m_allow_stdin[0m[0;34m:[0m[0;34m[0m[0;34m[0m[0m
[1;32m   1003[0m             raise StdinNotImplementedError(
[0;32m-> 1004[0;31m                 [0;34m"raw_input was called, but this frontend does not support input requests."[0m[0;34m[0m[0;34m[0m[0m
[0m[1;32m   1005[0m             )
[1;32m   1006[0m         return self._input_request(

[0;31mStdinNotImplementedError[0m: raw_input was called, but this frontend does not support input requests.
StdinNotImplementedError: raw_input was called, but this frontend does not support input requests.

